app/build/intermediates/manifest_merge_blame_file/debug/processDebugMainManifest/manifest-merger-blame-debug-report.txt
1<?xml version="1.0" encoding="utf-8"?>
2<manifest xmlns:android="http://schemas.android.com/apk/res/android"
3    package="com.example.sketchbook"
4    android:versionCode="1"
5    android:versionName="1.0" >
6
7    <uses-sdk
8        android:minSdkVersion="26"
9        android:targetSdkVersion="35" />
10
11    <uses-permission android:name="android.permission.SYSTEM_ALERT_WINDOW" />
11-->src/main/AndroidManifest.xml:4:5-78
11-->src/main/AndroidManifest.xml:4:22-75
12    <uses-permission android:name="android.permission.FOREGROUND_SERVICE" />
12-->src/main/AndroidManifest.xml:5:5-77
12-->src/main/AndroidManifest.xml:5:22-74
13    <uses-permission android:name="android.permission.FOREGROUND_SERVICE_SPECIAL_USE" />
13-->src/main/AndroidManifest.xml:6:5-89
13-->src/main/AndroidManifest.xml:6:22-86
14    <uses-permission android:name="android.permission.POST_NOTIFICATIONS" />
14-->src/main/AndroidManifest.xml:7:5-77
14-->src/main/AndroidManifest.xml:7:22-74
15
16    <permission
16-->[androidx.core:core:1.15.0] AndroidManifest.xml:22:5-24:47
17        android:name="com.example.sketchbook.DYNAMIC_RECEIVER_NOT_EXPORTED_PERMISSION"
17-->[androidx.core:core:1.15.0] AndroidManifest.xml:23:9-81
18        android:protectionLevel="signature" />
18-->[androidx.core:core:1.15.0] AndroidManifest.xml:24:9-44
19
20    <uses-permission android:name="com.example.sketchbook.DYNAMIC_RECEIVER_NOT_EXPORTED_PERMISSION" />
20-->[androidx.core:core:1.15.0] AndroidManifest.xml:26:5-97
20-->[androidx.core:core:1.15.0] AndroidManifest.xml:26:22-94
21
22    <application
22-->src/main/AndroidManifest.xml:9:5-41:19
23        android:allowBackup="true"
23-->src/main/AndroidManifest.xml:10:9-35
24        android:appComponentFactory="androidx.core.app.CoreComponentFactory"
24-->[androidx.core:core:1.15.0] AndroidManifest.xml:28:18-86
25        android:debuggable="true"
26        android:extractNativeLibs="false"
27        android:icon="@android:drawable/ic_menu_edit"
27-->src/main/AndroidManifest.xml:11:9-54
28        android:label="@string/app_name"
28-->src/main/AndroidManifest.xml:12:9-41
29        android:supportsRtl="true"
29-->src/main/AndroidManifest.xml:13:9-35
30        android:theme="@style/Theme.AnanSketchbook" >
30-->src/main/AndroidManifest.xml:14:9-52
31        <activity
31-->src/main/AndroidManifest.xml:16:9-24:20
32            android:name="com.example.sketchbook.MainActivity"
32-->src/main/AndroidManifest.xml:17:13-41
33            android:exported="true"
33-->src/main/AndroidManifest.xml:18:13-36
34            android:theme="@style/Theme.AnanSketchbook" >
34-->src/main/AndroidManifest.xml:19:13-56
35            <intent-filter>
35-->src/main/AndroidManifest.xml:20:13-23:29
36                <action android:name="android.intent.action.MAIN" />
36-->src/main/AndroidManifest.xml:21:17-69
36-->src/main/AndroidManifest.xml:21:25-66
37
38                <category android:name="android.intent.category.LAUNCHER" />
38-->src/main/AndroidManifest.xml:22:17-77
38-->src/main/AndroidManifest.xml:22:27-74
39            </intent-filter>
40        </activity>
41
42        <service
42-->src/main/AndroidManifest.xml:26:9-29:58
43            android:name="com.example.sketchbook.FloatingWindowService"
43-->src/main/AndroidManifest.xml:27:13-50
44            android:exported="false"
44-->src/main/AndroidManifest.xml:28:13-37
45            android:foregroundServiceType="specialUse" />
45-->src/main/AndroidManifest.xml:29:13-55
46
47        <provider
48            android:name="androidx.core.content.FileProvider"
48-->src/main/AndroidManifest.xml:32:13-62
49            android:authorities="com.example.sketchbook.fileprovider"
49-->src/main/AndroidManifest.xml:33:13-64
50            android:exported="false"
50-->src/main/AndroidManifest.xml:34:13-37
51            android:grantUriPermissions="true" >
51-->src/main/AndroidManifest.xml:35:13-47
52            <meta-data
52-->src/main/AndroidManifest.xml:36:13-38:54
53                android:name="android.support.FILE_PROVIDER_PATHS"
53-->src/main/AndroidManifest.xml:37:17-67
54                android:resource="@xml/file_paths" />
54-->src/main/AndroidManifest.xml:38:17-51
55        </provider>
56        <provider
56-->[androidx.emoji2:emoji2:1.3.0] AndroidManifest.xml:24:9-32:20
57            android:name="androidx.startup.InitializationProvider"
57-->[androidx.emoji2:emoji2:1.3.0] AndroidManifest.xml:25:13-67
58            android:authorities="com.example.sketchbook.androidx-startup"
58-->[androidx.emoji2:emoji2:1.3.0] AndroidManifest.xml:26:13-68
59            android:exported="false" >
59-->[androidx.emoji2:emoji2:1.3.0] AndroidManifest.xml:27:13-37
60            <meta-data
60-->[androidx.emoji2:emoji2:1.3.0] AndroidManifest.xml:29:13-31:52
61                android:name="androidx.emoji2.text.EmojiCompatInitializer"
61-->[androidx.emoji2:emoji2:1.3.0] AndroidManifest.xml:30:17-75
62                android:value="androidx.startup" />
62-->[androidx.emoji2:emoji2:1.3.0] AndroidManifest.xml:31:17-49
63            <meta-data
63-->[androidx.lifecycle:lifecycle-process:2.6.2] AndroidManifest.xml:29:13-31:52
64                android:name="androidx.lifecycle.ProcessLifecycleInitializer"
64-->[androidx.lifecycle:lifecycle-process:2.6.2] AndroidManifest.xml:30:17-78
65                android:value="androidx.startup" />
65-->[androidx.lifecycle:lifecycle-process:2.6.2] AndroidManifest.xml:31:17-49
66            <meta-data
66-->[androidx.profileinstaller:profileinstaller:1.4.0] AndroidManifest.xml:29:13-31:52
67                android:name="androidx.profileinstaller.ProfileInstallerInitializer"
67-->[androidx.profileinstaller:profileinstaller:1.4.0] AndroidManifest.xml:30:17-85
68                android:value="androidx.startup" />
68-->[androidx.profileinstaller:profileinstaller:1.4.0] AndroidManifest.xml:31:17-49
69        </provider>
70
71        <receiver
71-->[androidx.profileinstaller:profileinstaller:1.4.0] AndroidManifest.xml:34:9-52:20
72            android:name="androidx.profileinstaller.ProfileInstallReceiver"
72-->[androidx.profileinstaller:profileinstaller:1.4.0] AndroidManifest.xml:35:13-76
73            android:directBootAware="false"
73-->[androidx.profileinstaller:profileinstaller:1.4.0] AndroidManifest.xml:36:13-44
74            android:enabled="true"
74-->[androidx.profileinstaller:profileinstaller:1.4.0] AndroidManifest.xml:37:13-35
75            android:exported="true"
75-->[androidx.profileinstaller:profileinstaller:1.4.0] AndroidManifest.xml:38:13-36
76            android:permission="android.permission.DUMP" >
76-->[androidx.profileinstaller:profileinstaller:1.4.0] AndroidManifest.xml:39:13-57
77            <intent-filter>
77-->[androidx.profileinstaller:profileinstaller:1.4.0] AndroidManifest.xml:40:13-42:29
78                <action android:name="androidx.profileinstaller.action.INSTALL_PROFILE" />
78-->[androidx.profileinstaller:profileinstaller:1.4.0] AndroidManifest.xml:41:17-91
78-->[androidx.profileinstaller:profileinstaller:1.4.0] AndroidManifest.xml:41:25-88
79            </intent-filter>
80            <intent-filter>
80-->[androidx.profileinstaller:profileinstaller:1.4.0] AndroidManifest.xml:43:13-45:29
81                <action android:name="androidx.profileinstaller.action.SKIP_FILE" />
81-->[androidx.profileinstaller:profileinstaller:1.4.0] AndroidManifest.xml:44:17-85
81-->[androidx.profileinstaller:profileinstaller:1.4.0] AndroidManifest.xml:44:25-82
82            </intent-filter>
83            <intent-filter>
83-->[androidx.profileinstaller:profileinstaller:1.4.0] AndroidManifest.xml:46:13-48:29
84                <action android:name="androidx.profileinstaller.action.SAVE_PROFILE" />
84-->[androidx.profileinstaller:profileinstaller:1.4.0] AndroidManifest.xml:47:17-88
84-->[androidx.profileinstaller:profileinstaller:1.4.0] AndroidManifest.xml:47:25-85
85            </intent-filter>
86            <intent-filter>
86-->[androidx.profileinstaller:profileinstaller:1.4.0] AndroidManifest.xml:49:13-51:29
87                <action android:name="androidx.profileinstaller.action.BENCHMARK_OPERATION" />
87-->[androidx.profileinstaller:profileinstaller:1.4.0] AndroidManifest.xml:50:17-95
87-->[androidx.profileinstaller:profileinstaller:1.4.0] AndroidManifest.xml:50:25-92
88            </intent-filter>
89        </receiver>
90    </application>
91
92</manifest>